<?xml version="1.0" encoding="UTF-8"?>
<testng-results ignored="0" total="1" passed="1" failed="0" skipped="0">
  <reporter-output>
  </reporter-output>
  <suite started-at="2025-06-09T02:14:26 IST" name="Default suite" finished-at="2025-06-09T02:14:49 IST" duration-ms="22632">
    <groups>
    </groups>
    <test started-at="2025-06-09T02:14:26 IST" name="Default test" finished-at="2025-06-09T02:14:49 IST" duration-ms="22632">
      <class name="com.crm.check">
        <test-method is-config="true" signature="setUp()[pri:0, instance:com.crm.check@19835e64]" started-at="2025-06-09T02:14:26 IST" name="setUp" finished-at="2025-06-09T02:14:43 IST" duration-ms="17213" status="PASS">
          <reporter-output>
          </reporter-output>
        </test-method> <!-- setUp -->
        <test-method signature="a()[pri:0, instance:com.crm.check@19835e64]" started-at="2025-06-09T02:14:43 IST" name="a" finished-at="2025-06-09T02:14:49 IST" duration-ms="5338" status="PASS">
          <reporter-output>
          </reporter-output>
        </test-method> <!-- a -->
      </class> <!-- com.crm.check -->
    </test> <!-- Default test -->
  </suite> <!-- Default suite -->
</testng-results>
